2023-03-11T09:38:32.2860661 500 : [{"timestamp":"2023-03-11T14:38:32.255+00:00","status":500,"error":"Internal Server Error","message":"No message available","path":"/users/transfer/6000"}]
2023-03-11T09:38:47.3695878 500 : [{"timestamp":"2023-03-11T14:38:47.368+00:00","status":500,"error":"Internal Server Error","message":"No message available","path":"/users/transfer/-1292"}]
2023-03-11T09:38:51.8407196 500 : [{"timestamp":"2023-03-11T14:38:51.839+00:00","status":500,"error":"Internal Server Error","message":"No message available","path":"/users/transfer/292828"}]
2023-03-11T09:58:20.8497849 400 : [{"timestamp":"2023-03-11T14:58:20.790+00:00","status":400,"error":"Bad Request","message":"Validation failed for object='transfer'. Error count: 1","errors":[{"codes":["Positive.transfer.amount","Posi... (556 bytes)]
2023-03-11T10:01:38.9412572 400 : [{"timestamp":"2023-03-11T15:01:38.917+00:00","status":400,"error":"Bad Request","message":"Validation failed for object='transfer'. Error count: 1","errors":[{"codes":["Positive.transfer.amount","Posi... (556 bytes)]
2023-03-11T10:02:16.0403097 400 : [{"timestamp":"2023-03-11T15:02:15.974+00:00","status":400,"error":"Bad Request","message":"Validation failed for object='transfer'. Error count: 1","errors":[{"codes":["Positive.transfer.amount","Posi... (556 bytes)]
2023-03-11T10:09:33.0246665 400 : [{"timestamp":"2023-03-11T15:09:32.999+00:00","status":400,"error":"Bad Request","message":"Validation failed for object='transfer'. Error count: 1","errors":[{"codes":["Positive.transfer.amount","Posi... (556 bytes)]
2023-03-11T10:20:27.4419522 400 : [{"timestamp":"2023-03-11T15:20:27.426+00:00","status":400,"error":"Bad Request","message":"Validation failed for object='transfer'. Error count: 1","errors":[{"codes":["Positive.transfer.amount","Posi... (559 bytes)]
2023-03-11T10:22:59.6237061 400 : [{"timestamp":"2023-03-11T15:22:59.596+00:00","status":400,"error":"Bad Request","message":"Validation failed for object='transfer'. Error count: 1","errors":[{"codes":["Positive.transfer.amount","Posi... (559 bytes)]
2023-03-11T10:23:37.2147155 400 : [{"timestamp":"2023-03-11T15:23:37.114+00:00","status":400,"error":"Bad Request","message":"Validation failed for object='transfer'. Error count: 1","errors":[{"codes":["Positive.transfer.amount","Posi... (559 bytes)]
2023-03-11T10:25:23.5170373 400 : [{"timestamp":"2023-03-11T15:25:23.502+00:00","status":400,"error":"Bad Request","message":"Validation failed for object='transfer'. Error count: 1","errors":[{"codes":["Positive.transfer.amount","Posi... (560 bytes)]
2023-03-11T10:28:36.6250985 400 : [{"timestamp":"2023-03-11T15:28:36.566+00:00","status":400,"error":"Bad Request","message":"Validation failed for object='transfer'. Error count: 1","errors":[{"codes":["Positive.transfer.amount","Posi... (560 bytes)]
2023-03-11T10:32:00.3948179 400 : [{"timestamp":"2023-03-11T15:32:00.355+00:00","status":400,"error":"Bad Request","message":"Validation failed for object='transfer'. Error count: 1","errors":[{"codes":["Positive.transfer.amount","Posi... (559 bytes)]
2023-03-11T10:44:35.5599195 401 : [no body]
2023-03-11T10:47:45.3497121 400 : [{"timestamp":"2023-03-11T15:47:45.259+00:00","status":400,"error":"Bad Request","message":"Validation failed for object='transfer'. Error count: 1","errors":[{"codes":["Positive.transfer.amount","Posi... (563 bytes)]
2023-03-11T10:48:10.9607457 500 : [{"timestamp":"2023-03-11T15:48:10.957+00:00","status":500,"error":"Internal Server Error","message":"No message available","path":"/users/transfer/13093"}]
2023-03-11T10:52:51.2849034 401 : [no body]
2023-03-11T10:55:37.8098525 401 : [no body]
2023-03-11T11:03:21.4497185 401 : [no body]
2023-03-11T11:04:07.2300533 401 : [no body]
2023-03-11T11:04:42.9602396 401 : [no body]
2023-03-11T11:08:04.2101231 401 : [no body]
2023-03-11T11:08:52.4018476 401 : [no body]
2023-03-11T11:09:04.4098847 500 : [{"timestamp":"2023-03-11T16:09:04.401+00:00","status":500,"error":"Internal Server Error","message":"PreparedStatementCallback; SQL [INSERT INTO tenmo_user (username, password_hash) VALUES (?, ?) RETU... (534 bytes)]
2023-03-11T11:10:33.2200351 500 : [{"timestamp":"2023-03-11T16:10:33.196+00:00","status":500,"error":"Internal Server Error","message":"PreparedStatementCallback; SQL [INSERT INTO tenmo_user (username, password_hash) VALUES (?, ?) RETU... (534 bytes)]
2023-03-11T11:10:50.6600508 401 : [no body]
