2023-03-10T09:54:43.6699337 I/O error on POST request for "http://localhost:8080/register": Connection refused: connect; nested exception is java.net.ConnectException: Connection refused: connect
2023-03-10T10:13:47.4553805 401 : [{"timestamp":"2023-03-10T15:13:47.438+00:00","status":401,"error":"Unauthorized","message":"Full authentication is required to access this resource","path":"/users/balance"}]
2023-03-10T17:02:51.9223795 401 : [{"timestamp":"2023-03-10T22:02:51.904+00:00","status":401,"error":"Unauthorized","message":"Full authentication is required to access this resource","path":"/users/account/2011"}]
2023-03-10T17:02:51.9353788 401 : [{"timestamp":"2023-03-10T22:02:51.934+00:00","status":401,"error":"Unauthorized","message":"Full authentication is required to access this resource","path":"/users/account/2014"}]
2023-03-10T17:09:05.9235811 401 : [{"timestamp":"2023-03-10T22:09:05.878+00:00","status":401,"error":"Unauthorized","message":"Full authentication is required to access this resource","path":"/users/account/2011"}]
2023-03-10T17:09:13.4527719 401 : [{"timestamp":"2023-03-10T22:09:13.448+00:00","status":401,"error":"Unauthorized","message":"Full authentication is required to access this resource","path":"/users/account/2014"}]
2023-03-10T17:12:17.0849625 401 : [{"timestamp":"2023-03-10T22:12:17.069+00:00","status":401,"error":"Unauthorized","message":"Full authentication is required to access this resource","path":"/users/account/2011"}]
2023-03-10T17:12:17.0942401 401 : [{"timestamp":"2023-03-10T22:12:17.093+00:00","status":401,"error":"Unauthorized","message":"Full authentication is required to access this resource","path":"/users/account/2014"}]
2023-03-10T17:14:22.9177547 401 : [{"timestamp":"2023-03-10T22:14:22.900+00:00","status":401,"error":"Unauthorized","message":"Full authentication is required to access this resource","path":"/users/account/2011"}]
2023-03-10T17:14:22.9317538 401 : [{"timestamp":"2023-03-10T22:14:22.929+00:00","status":401,"error":"Unauthorized","message":"Full authentication is required to access this resource","path":"/users/account/2014"}]
2023-03-10T17:14:40.3028654 401 : [{"timestamp":"2023-03-10T22:14:40.286+00:00","status":401,"error":"Unauthorized","message":"Full authentication is required to access this resource","path":"/users/account/2011"}]
2023-03-10T17:14:40.3130174 401 : [{"timestamp":"2023-03-10T22:14:40.311+00:00","status":401,"error":"Unauthorized","message":"Full authentication is required to access this resource","path":"/users/account/2014"}]
2023-03-10T17:15:09.0040216 401 : [{"timestamp":"2023-03-10T22:15:08.990+00:00","status":401,"error":"Unauthorized","message":"Full authentication is required to access this resource","path":"/users/account/2011"}]
2023-03-10T17:15:09.0164815 401 : [{"timestamp":"2023-03-10T22:15:09.014+00:00","status":401,"error":"Unauthorized","message":"Full authentication is required to access this resource","path":"/users/account/2014"}]
2023-03-10T17:23:54.6148898 401 : [{"timestamp":"2023-03-10T22:23:54.599+00:00","status":401,"error":"Unauthorized","message":"Full authentication is required to access this resource","path":"/users/account/2011"}]
2023-03-10T17:23:54.6228896 401 : [{"timestamp":"2023-03-10T22:23:54.621+00:00","status":401,"error":"Unauthorized","message":"Full authentication is required to access this resource","path":"/users/account/2014"}]
2023-03-10T17:24:43.4469117 401 : [{"timestamp":"2023-03-10T22:24:43.431+00:00","status":401,"error":"Unauthorized","message":"Full authentication is required to access this resource","path":"/users/account/2011"}]
2023-03-10T17:24:43.454114 401 : [{"timestamp":"2023-03-10T22:24:43.453+00:00","status":401,"error":"Unauthorized","message":"Full authentication is required to access this resource","path":"/users/account/2014"}]
2023-03-10T17:25:35.0424916 401 : [{"timestamp":"2023-03-10T22:25:35.025+00:00","status":401,"error":"Unauthorized","message":"Full authentication is required to access this resource","path":"/users/account/2011"}]
2023-03-10T17:25:35.0494907 401 : [{"timestamp":"2023-03-10T22:25:35.048+00:00","status":401,"error":"Unauthorized","message":"Full authentication is required to access this resource","path":"/users/account/2014"}]
2023-03-10T17:27:39.4642932 401 : [{"timestamp":"2023-03-10T22:27:39.445+00:00","status":401,"error":"Unauthorized","message":"Full authentication is required to access this resource","path":"/users/account/2011"}]
2023-03-10T17:27:39.4755078 401 : [{"timestamp":"2023-03-10T22:27:39.474+00:00","status":401,"error":"Unauthorized","message":"Full authentication is required to access this resource","path":"/users/account/2014"}]
2023-03-10T17:28:06.6158556 401 : [{"timestamp":"2023-03-10T22:28:06.600+00:00","status":401,"error":"Unauthorized","message":"Full authentication is required to access this resource","path":"/users/account/2011"}]
2023-03-10T17:28:06.6278569 401 : [{"timestamp":"2023-03-10T22:28:06.626+00:00","status":401,"error":"Unauthorized","message":"Full authentication is required to access this resource","path":"/users/account/2014"}]
2023-03-10T17:28:21.9243793 401 : [{"timestamp":"2023-03-10T22:28:21.910+00:00","status":401,"error":"Unauthorized","message":"Full authentication is required to access this resource","path":"/users/account/2011"}]
2023-03-10T17:28:21.946793 401 : [{"timestamp":"2023-03-10T22:28:21.942+00:00","status":401,"error":"Unauthorized","message":"Full authentication is required to access this resource","path":"/users/account/2014"}]
2023-03-10T18:12:14.0713018 401 : [{"timestamp":"2023-03-10T23:12:14.057+00:00","status":401,"error":"Unauthorized","message":"Full authentication is required to access this resource","path":"/users/account/2011"}]
2023-03-10T18:12:14.0843238 401 : [{"timestamp":"2023-03-10T23:12:14.083+00:00","status":401,"error":"Unauthorized","message":"Full authentication is required to access this resource","path":"/users/account/2014"}]
2023-03-10T18:12:14.0966642 401 : [{"timestamp":"2023-03-10T23:12:14.095+00:00","status":401,"error":"Unauthorized","message":"Full authentication is required to access this resource","path":"/users/account/2014"}]
2023-03-10T18:12:14.1025785 401 : [{"timestamp":"2023-03-10T23:12:14.101+00:00","status":401,"error":"Unauthorized","message":"Full authentication is required to access this resource","path":"/users/account/2001"}]
2023-03-10T18:12:58.4216441 401 : [{"timestamp":"2023-03-10T23:12:58.408+00:00","status":401,"error":"Unauthorized","message":"Full authentication is required to access this resource","path":"/users/account/2011"}]
2023-03-10T18:12:58.4304717 401 : [{"timestamp":"2023-03-10T23:12:58.429+00:00","status":401,"error":"Unauthorized","message":"Full authentication is required to access this resource","path":"/users/account/2014"}]
2023-03-10T18:12:58.440851 401 : [{"timestamp":"2023-03-10T23:12:58.439+00:00","status":401,"error":"Unauthorized","message":"Full authentication is required to access this resource","path":"/users/account/2014"}]
2023-03-10T18:12:58.4468864 401 : [{"timestamp":"2023-03-10T23:12:58.444+00:00","status":401,"error":"Unauthorized","message":"Full authentication is required to access this resource","path":"/users/account/2001"}]
2023-03-10T18:12:58.452353 401 : [{"timestamp":"2023-03-10T23:12:58.451+00:00","status":401,"error":"Unauthorized","message":"Full authentication is required to access this resource","path":"/users/account/2014"}]
2023-03-10T18:12:58.4573387 401 : [{"timestamp":"2023-03-10T23:12:58.456+00:00","status":401,"error":"Unauthorized","message":"Full authentication is required to access this resource","path":"/users/account/2001"}]
2023-03-10T21:37:25.265321 500 : [{"timestamp":"2023-03-11T02:37:25.250+00:00","status":500,"error":"Internal Server Error","message":"No message available","path":"/users/transfer/0"}]
2023-03-10T21:37:28.2565835 500 : [{"timestamp":"2023-03-11T02:37:28.255+00:00","status":500,"error":"Internal Server Error","message":"No message available","path":"/users/transfer/0"}]
2023-03-10T21:37:29.4698071 500 : [{"timestamp":"2023-03-11T02:37:29.467+00:00","status":500,"error":"Internal Server Error","message":"No message available","path":"/users/transfer/0"}]
2023-03-10T21:37:30.6748805 500 : [{"timestamp":"2023-03-11T02:37:30.673+00:00","status":500,"error":"Internal Server Error","message":"No message available","path":"/users/transfer/0"}]
2023-03-10T21:39:05.2038416 500 : [{"timestamp":"2023-03-11T02:39:05.190+00:00","status":500,"error":"Internal Server Error","message":"No message available","path":"/users/transfer/0"}]
2023-03-10T21:39:13.5371007 500 : [{"timestamp":"2023-03-11T02:39:13.536+00:00","status":500,"error":"Internal Server Error","message":"No message available","path":"/users/transfer/0"}]
2023-03-10T21:39:17.9009164 500 : [{"timestamp":"2023-03-11T02:39:17.900+00:00","status":500,"error":"Internal Server Error","message":"No message available","path":"/users/transfer/2"}]
2023-03-10T21:39:20.1740371 500 : [{"timestamp":"2023-03-11T02:39:20.171+00:00","status":500,"error":"Internal Server Error","message":"No message available","path":"/users/transfer/0"}]
2023-03-10T21:42:45.2065527 500 : [{"timestamp":"2023-03-11T02:42:45.193+00:00","status":500,"error":"Internal Server Error","message":"No message available","path":"/users/transfer/0"}]
2023-03-10T21:42:47.603705 500 : [{"timestamp":"2023-03-11T02:42:47.601+00:00","status":500,"error":"Internal Server Error","message":"No message available","path":"/users/transfer/0"}]
2023-03-10T21:45:26.8758495 500 : [{"timestamp":"2023-03-11T02:45:26.862+00:00","status":500,"error":"Internal Server Error","message":"No message available","path":"/users/transfer/6000"}]
2023-03-10T21:45:30.0844319 500 : [{"timestamp":"2023-03-11T02:45:30.083+00:00","status":500,"error":"Internal Server Error","message":"No message available","path":"/users/transfer/0"}]
2023-03-10T22:12:33.7919023 401 : [no body]
